 03-11-2023 11:34:25:796 [pid=14516 tid=14516] ERROR  0:140 unable to load,  liburcu-bp.so.6 

 03-11-2023 11:34:25:797 [pid=14516 tid=14516] ERROR  0:140 unable to load,  liburcu-bp.so.1 

 03-11-2023 11:34:25:797 [pid=14516 tid=14516] WARN   0:172 failed to open /proc/driver/nvidia-fs/devcount  error: No such file or directory
 03-11-2023 11:34:25:798 [pid=14516 tid=14516] NOTICE  cufio-drv:705 running in compatible mode
 03-11-2023 11:34:25:798 [pid=14516 tid=14516] ERROR  cufio-plat:101 cannot open path /sys/bus/pci/devices/0000:01:00.0/resource No such file or directory
 03-11-2023 11:34:25:799 [pid=14516 tid=14516] WARN   cufio-plat:429 GPU index 0 NVIDIA GeForce RTX 3060: Model Not Supported
 03-11-2023 11:34:25:799 [pid=14516 tid=14516] WARN   cufio-udev:165 failed in udev device create: /sys/bus/pci/devices/0000:01:00.0
 03-11-2023 11:34:25:916 [pid=14516 tid=14516] ERROR  cufio-topo-udev:431 no device entries present in platform topology
 03-11-2023 11:46:16:960 [pid=14704 tid=14704] ERROR  0:140 unable to load,  liburcu-bp.so.6 

 03-11-2023 11:46:16:961 [pid=14704 tid=14704] ERROR  0:140 unable to load,  liburcu-bp.so.1 

 03-11-2023 11:46:16:961 [pid=14704 tid=14704] WARN   0:172 failed to open /proc/driver/nvidia-fs/devcount  error: No such file or directory
 03-11-2023 11:46:16:961 [pid=14704 tid=14704] NOTICE  cufio-drv:705 running in compatible mode
 03-11-2023 11:46:16:962 [pid=14704 tid=14704] ERROR  cufio-plat:101 cannot open path /sys/bus/pci/devices/0000:01:00.0/resource No such file or directory
 03-11-2023 11:46:16:962 [pid=14704 tid=14704] WARN   cufio-plat:429 GPU index 0 NVIDIA GeForce RTX 3060: Model Not Supported
 03-11-2023 11:46:16:962 [pid=14704 tid=14704] WARN   cufio-udev:165 failed in udev device create: /sys/bus/pci/devices/0000:01:00.0
 03-11-2023 11:46:17:15 [pid=14704 tid=14704] ERROR  cufio-topo-udev:431 no device entries present in platform topology
 03-11-2023 14:56:17:246 [pid=17351 tid=17351] ERROR  0:140 unable to load,  liburcu-bp.so.6 

 03-11-2023 14:56:17:247 [pid=17351 tid=17351] ERROR  0:140 unable to load,  liburcu-bp.so.1 

 03-11-2023 14:56:17:247 [pid=17351 tid=17351] WARN   0:172 failed to open /proc/driver/nvidia-fs/devcount  error: No such file or directory
 03-11-2023 14:56:17:247 [pid=17351 tid=17351] NOTICE  cufio-drv:705 running in compatible mode
 03-11-2023 14:56:17:248 [pid=17351 tid=17351] ERROR  cufio-plat:101 cannot open path /sys/bus/pci/devices/0000:01:00.0/resource No such file or directory
 03-11-2023 14:56:17:248 [pid=17351 tid=17351] WARN   cufio-plat:429 GPU index 0 NVIDIA GeForce RTX 3060: Model Not Supported
 03-11-2023 14:56:17:249 [pid=17351 tid=17351] WARN   cufio-udev:165 failed in udev device create: /sys/bus/pci/devices/0000:01:00.0
 03-11-2023 14:56:17:331 [pid=17351 tid=17351] ERROR  cufio-topo-udev:431 no device entries present in platform topology
 03-11-2023 16:27:09:912 [pid=17818 tid=17818] ERROR  0:140 unable to load,  liburcu-bp.so.6 

 03-11-2023 16:27:09:912 [pid=17818 tid=17818] ERROR  0:140 unable to load,  liburcu-bp.so.1 

 03-11-2023 16:27:09:912 [pid=17818 tid=17818] WARN   0:172 failed to open /proc/driver/nvidia-fs/devcount  error: No such file or directory
 03-11-2023 16:27:09:913 [pid=17818 tid=17818] NOTICE  cufio-drv:705 running in compatible mode
 03-11-2023 16:27:09:913 [pid=17818 tid=17818] ERROR  cufio-plat:101 cannot open path /sys/bus/pci/devices/0000:01:00.0/resource No such file or directory
 03-11-2023 16:27:09:914 [pid=17818 tid=17818] WARN   cufio-plat:429 GPU index 0 NVIDIA GeForce RTX 3060: Model Not Supported
 03-11-2023 16:27:09:914 [pid=17818 tid=17818] WARN   cufio-udev:165 failed in udev device create: /sys/bus/pci/devices/0000:01:00.0
 03-11-2023 16:27:09:963 [pid=17818 tid=17818] ERROR  cufio-topo-udev:431 no device entries present in platform topology
 03-11-2023 16:28:34:45 [pid=17922 tid=17922] ERROR  0:140 unable to load,  liburcu-bp.so.6 

 03-11-2023 16:28:34:46 [pid=17922 tid=17922] ERROR  0:140 unable to load,  liburcu-bp.so.1 

 03-11-2023 16:28:34:46 [pid=17922 tid=17922] WARN   0:172 failed to open /proc/driver/nvidia-fs/devcount  error: No such file or directory
 03-11-2023 16:28:34:46 [pid=17922 tid=17922] NOTICE  cufio-drv:705 running in compatible mode
 03-11-2023 16:28:34:47 [pid=17922 tid=17922] ERROR  cufio-plat:101 cannot open path /sys/bus/pci/devices/0000:01:00.0/resource No such file or directory
 03-11-2023 16:28:34:47 [pid=17922 tid=17922] WARN   cufio-plat:429 GPU index 0 NVIDIA GeForce RTX 3060: Model Not Supported
 03-11-2023 16:28:34:47 [pid=17922 tid=17922] WARN   cufio-udev:165 failed in udev device create: /sys/bus/pci/devices/0000:01:00.0
 03-11-2023 16:28:34:93 [pid=17922 tid=17922] ERROR  cufio-topo-udev:431 no device entries present in platform topology
 06-11-2023 09:34:41:871 [pid=18733 tid=18733] ERROR  0:140 unable to load,  liburcu-bp.so.6 

 06-11-2023 09:34:41:872 [pid=18733 tid=18733] ERROR  0:140 unable to load,  liburcu-bp.so.1 

 06-11-2023 09:34:41:872 [pid=18733 tid=18733] WARN   0:172 failed to open /proc/driver/nvidia-fs/devcount  error: No such file or directory
 06-11-2023 09:34:41:873 [pid=18733 tid=18733] NOTICE  cufio-drv:705 running in compatible mode
 06-11-2023 09:34:41:873 [pid=18733 tid=18733] ERROR  cufio-plat:101 cannot open path /sys/bus/pci/devices/0000:01:00.0/resource No such file or directory
 06-11-2023 09:34:41:873 [pid=18733 tid=18733] WARN   cufio-plat:429 GPU index 0 NVIDIA GeForce RTX 3060: Model Not Supported
 06-11-2023 09:34:41:873 [pid=18733 tid=18733] WARN   cufio-udev:165 failed in udev device create: /sys/bus/pci/devices/0000:01:00.0
 06-11-2023 09:34:41:953 [pid=18733 tid=18733] ERROR  cufio-topo-udev:431 no device entries present in platform topology
 06-11-2023 09:51:47:742 [pid=19360 tid=19360] ERROR  0:140 unable to load,  liburcu-bp.so.6 

 06-11-2023 09:51:47:743 [pid=19360 tid=19360] ERROR  0:140 unable to load,  liburcu-bp.so.1 

 06-11-2023 09:51:47:743 [pid=19360 tid=19360] WARN   0:172 failed to open /proc/driver/nvidia-fs/devcount  error: No such file or directory
 06-11-2023 09:51:47:744 [pid=19360 tid=19360] NOTICE  cufio-drv:705 running in compatible mode
 06-11-2023 09:51:47:744 [pid=19360 tid=19360] ERROR  cufio-plat:101 cannot open path /sys/bus/pci/devices/0000:01:00.0/resource No such file or directory
 06-11-2023 09:51:47:744 [pid=19360 tid=19360] WARN   cufio-plat:429 GPU index 0 NVIDIA GeForce RTX 3060: Model Not Supported
 06-11-2023 09:51:47:745 [pid=19360 tid=19360] WARN   cufio-udev:165 failed in udev device create: /sys/bus/pci/devices/0000:01:00.0
 06-11-2023 09:51:47:800 [pid=19360 tid=19360] ERROR  cufio-topo-udev:431 no device entries present in platform topology
 06-11-2023 09:54:03:950 [pid=19471 tid=19471] ERROR  0:140 unable to load,  liburcu-bp.so.6 

 06-11-2023 09:54:03:950 [pid=19471 tid=19471] ERROR  0:140 unable to load,  liburcu-bp.so.1 

 06-11-2023 09:54:03:951 [pid=19471 tid=19471] WARN   0:172 failed to open /proc/driver/nvidia-fs/devcount  error: No such file or directory
 06-11-2023 09:54:03:951 [pid=19471 tid=19471] NOTICE  cufio-drv:705 running in compatible mode
 06-11-2023 09:54:03:951 [pid=19471 tid=19471] ERROR  cufio-plat:101 cannot open path /sys/bus/pci/devices/0000:01:00.0/resource No such file or directory
 06-11-2023 09:54:03:952 [pid=19471 tid=19471] WARN   cufio-plat:429 GPU index 0 NVIDIA GeForce RTX 3060: Model Not Supported
 06-11-2023 09:54:03:952 [pid=19471 tid=19471] WARN   cufio-udev:165 failed in udev device create: /sys/bus/pci/devices/0000:01:00.0
 06-11-2023 09:54:04:2 [pid=19471 tid=19471] ERROR  cufio-topo-udev:431 no device entries present in platform topology
